<?xml version="1.0" encoding="UTF-8"?>
<testng-results ignored="0" total="1" passed="1" failed="0" skipped="0">
  <reporter-output>
  </reporter-output>
  <suite started-at="2022-11-10T10:30:52 IST" name="Default suite" finished-at="2022-11-10T10:31:42 IST" duration-ms="49575">
    <groups>
    </groups>
    <test started-at="2022-11-10T10:30:52 IST" name="Default test" finished-at="2022-11-10T10:31:42 IST" duration-ms="49575">
      <class name="taskTest.CreateCustomerTest">
        <test-method is-config="true" signature="bsConfig()[pri:0, instance:taskTest.CreateCustomerTest@6e0f5f7f]" started-at="2022-11-10T10:30:52 IST" name="bsConfig" finished-at="2022-11-10T10:30:52 IST" duration-ms="18" status="PASS">
          <reporter-output>
          </reporter-output>
        </test-method> <!-- bsConfig -->
        <test-method is-config="true" signature="bcConfig()[pri:0, instance:taskTest.CreateCustomerTest@6e0f5f7f]" started-at="2022-11-10T10:30:52 IST" name="bcConfig" finished-at="2022-11-10T10:31:20 IST" duration-ms="27507" status="PASS">
          <reporter-output>
          </reporter-output>
        </test-method> <!-- bcConfig -->
        <test-method is-config="true" signature="bmConfig()[pri:0, instance:taskTest.CreateCustomerTest@6e0f5f7f]" started-at="2022-11-10T10:31:20 IST" name="bmConfig" finished-at="2022-11-10T10:31:20 IST" duration-ms="641" status="PASS">
          <reporter-output>
          </reporter-output>
        </test-method> <!-- bmConfig -->
        <test-method signature="createCustomerAndVerifyCustomerNameTest()[pri:0, instance:taskTest.CreateCustomerTest@6e0f5f7f]" started-at="2022-11-10T10:31:20 IST" name="createCustomerAndVerifyCustomerNameTest" finished-at="2022-11-10T10:31:34 IST" duration-ms="13935" status="PASS">
          <reporter-output>
          </reporter-output>
        </test-method> <!-- createCustomerAndVerifyCustomerNameTest -->
        <test-method is-config="true" signature="amConfig()[pri:0, instance:taskTest.CreateCustomerTest@6e0f5f7f]" started-at="2022-11-10T10:31:34 IST" name="amConfig" finished-at="2022-11-10T10:31:40 IST" duration-ms="6032" status="PASS">
          <reporter-output>
          </reporter-output>
        </test-method> <!-- amConfig -->
        <test-method is-config="true" signature="acConfig()[pri:0, instance:taskTest.CreateCustomerTest@6e0f5f7f]" started-at="2022-11-10T10:31:40 IST" name="acConfig" finished-at="2022-11-10T10:31:42 IST" duration-ms="1373" status="PASS">
          <reporter-output>
          </reporter-output>
        </test-method> <!-- acConfig -->
        <test-method is-config="true" signature="asConfig()[pri:0, instance:taskTest.CreateCustomerTest@6e0f5f7f]" started-at="2022-11-10T10:31:42 IST" name="asConfig" finished-at="2022-11-10T10:31:42 IST" duration-ms="1" status="PASS">
          <reporter-output>
          </reporter-output>
        </test-method> <!-- asConfig -->
      </class> <!-- taskTest.CreateCustomerTest -->
    </test> <!-- Default test -->
  </suite> <!-- Default suite -->
</testng-results>
